0.000000 0.001000 0.101000 0.510000
100.000000 0.000990 0.097722 0.493608
200.000000 0.000980 0.094551 0.477753
300.000000 0.000970 0.091484 0.462419
400.000000 0.000960 0.088517 0.447587
500.000000 0.000950 0.085648 0.433241
600.000000 0.000940 0.082873 0.419365
700.000000 0.000931 0.080189 0.405945
800.000000 0.000921 0.077593 0.392964
900.000000 0.000912 0.075082 0.380409
1000.000000 0.000902 0.072653 0.368266
1100.000000 0.000893 0.070304 0.356520
1200.000000 0.000884 0.068032 0.345160
1300.000000 0.000875 0.065834 0.334172
1400.000000 0.000866 0.063709 0.323545
1500.000000 0.000857 0.061653 0.313265
1600.000000 0.000849 0.059665 0.303323
1700.000000 0.000840 0.057741 0.293707
1800.000000 0.000831 0.055881 0.284406
1900.000000 0.000823 0.054082 0.275410
2000.000000 0.000815 0.052342 0.266709
2100.000000 0.000806 0.050659 0.258293
2200.000000 0.000798 0.049031 0.250153
2300.000000 0.000790 0.047456 0.242280
2400.000000 0.000782 0.045933 0.234664
2500.000000 0.000774 0.044460 0.227299
2600.000000 0.000766 0.043035 0.220175
2700.000000 0.000758 0.041657 0.213285
2800.000000 0.000750 0.040324 0.206620
2900.000000 0.000743 0.039035 0.200174
3000.000000 0.000735 0.037788 0.193940
3100.000000 0.000728 0.036582 0.187909
3200.000000 0.000720 0.035415 0.182077
3300.000000 0.000713 0.034287 0.176436
3400.000000 0.000706 0.033196 0.170979
3500.000000 0.000698 0.032140 0.165702
3600.000000 0.000691 0.031119 0.160597
3700.000000 0.000684 0.030132 0.155660
3800.000000 0.000677 0.029177 0.150885
3900.000000 0.000670 0.028253 0.146266
4000.000000 0.000663 0.027360 0.141799
4100.000000 0.000657 0.026496 0.137478
4200.000000 0.000650 0.025660 0.133298
4300.000000 0.000643 0.024851 0.129256
4400.000000 0.000637 0.024069 0.125347
4500.000000 0.000630 0.023313 0.121565
4600.000000 0.000624 0.022582 0.117908
4700.000000 0.000617 0.021874 0.114370
4800.000000 0.000611 0.021190 0.110948
4900.000000 0.000605 0.020528 0.107639
5000.000000 0.000599 0.019888 0.104438
5100.000000 0.000593 0.019268 0.101342
5200.000000 0.000587 0.018669 0.098347
5300.000000 0.000581 0.018090 0.095451
5400.000000 0.000575 0.017530 0.092649
5500.000000 0.000569 0.016988 0.089940
5600.000000 0.000563 0.016464 0.087319
5700.000000 0.000557 0.015957 0.084784
5800.000000 0.000552 0.015467 0.082333
5900.000000 0.000546 0.014992 0.079961
6000.000000 0.000540 0.014534 0.077668
6100.000000 0.000535 0.014090 0.075449
6200.000000 0.000529 0.013661 0.073304
6300.000000 0.000524 0.013246 0.071228
6400.000000 0.000519 0.012844 0.069221
6500.000000 0.000513 0.012456 0.067279
6600.000000 0.000508 0.012080 0.065402
6700.000000 0.000503 0.011717 0.063585
6800.000000 0.000498 0.011366 0.061829
6900.000000 0.000493 0.011026 0.060129
7000.000000 0.000488 0.010697 0.058486
7100.000000 0.000483 0.010379 0.056896
7200.000000 0.000478 0.010072 0.055359
7300.000000 0.000473 0.009774 0.053872
7400.000000 0.000468 0.009487 0.052434
7500.000000 0.000463 0.009208 0.051042
7600.000000 0.000459 0.008939 0.049697
7700.000000 0.000454 0.008679 0.048396
7800.000000 0.000449 0.008427 0.047137
7900.000000 0.000445 0.008184 0.045919
8000.000000 0.000440 0.007948 0.044742
8100.000000 0.000436 0.007721 0.043603
8200.000000 0.000431 0.007500 0.042501
8300.000000 0.000427 0.007287 0.041436
8400.000000 0.000422 0.007081 0.040405
8500.000000 0.000418 0.006882 0.039408
8600.000000 0.000414 0.006689 0.038444
8700.000000 0.000410 0.006502 0.037512
8800.000000 0.000405 0.006322 0.036610
8900.000000 0.000401 0.006147 0.035737
9000.000000 0.000397 0.005979 0.034894
9100.000000 0.000393 0.005815 0.034077
9200.000000 0.000389 0.005658 0.033288
9300.000000 0.000385 0.005505 0.032525
9400.000000 0.000381 0.005357 0.031786
9500.000000 0.000377 0.005214 0.031072
9600.000000 0.000374 0.005076 0.030381
9700.000000 0.000370 0.004943 0.029713
9800.000000 0.000366 0.004813 0.029067
9900.000000 0.000362 0.004688 0.028442
10000.000000 0.000358 0.004567 0.027837
